<?xml version="1.0" encoding="UTF-8"?>
<!-- Generated by org.testng.reporters.JUnitReportReporter -->
<testsuite hostname="Jayashree" failures="0" tests="7" name="com.Edureka.Flipkart.Mi.Flipkart1Test" time="9.219" errors="0" timestamp="2024-02-03T19:29:58 EST" skipped="0">
  <testcase classname="com.Edureka.Flipkart.Mi.Flipkart1Test" name="Add" time="0.105"/>
  <system-out/>
  <testcase classname="com.Edureka.Flipkart.Mi.Flipkart1Test" name="video" time="0.129"/>
  <system-out/>
  <testcase classname="com.Edureka.Flipkart.Mi.Flipkart1Test" name="display" time="2.083"/>
  <system-out/>
  <testcase classname="com.Edureka.Flipkart.Mi.Flipkart1Test" name="pincode" time="0.272"/>
  <system-out/>
  <testcase classname="com.Edureka.Flipkart.Mi.Flipkart1Test" name="Search" time="1.097"/>
  <system-out/>
  <testcase classname="com.Edureka.Flipkart.Mi.Flipkart1Test" name="login" time="1.316"/>
  <system-out/>
  <testcase classname="com.Edureka.Flipkart.Mi.Flipkart1Test" name="menu" time="4.217"/>
  <system-out/>
</testsuite> <!-- com.Edureka.Flipkart.Mi.Flipkart1Test -->
